Using pre-set license
Built from '2020.3/staging' branch; Version is '2020.3.6f1 (338bb68529b2) revision 3378102'; Using compiler version '192528614'; Build Type 'Release'
OS: 'Windows 10 Pro; OS build 19042.985; Version 2009; 64bit' Language: 'ko' Physical Memory: 8156 MB
BatchMode: 1, IsHumanControllingUs: 0, StartBugReporterOnCrash: 0, Is64bit: 1, IsPro: 0

 COMMAND LINE ARGUMENTS:
C:\Program Files\Unity\Hub\Editor\2020.3.6f1\Editor\Unity.exe
-adb2
-batchMode
-noUpm
-name
AssetImportWorker0
-projectPath
C:/Users/tjoeun704/Documents/Fps/FPSGame
-logFile
Logs/AssetImportWorker0.log
-srvPort
60573
Successfully changed project path to: C:/Users/tjoeun704/Documents/Fps/FPSGame
C:/Users/tjoeun704/Documents/Fps/FPSGame
Using Asset Import Pipeline V2.
Refreshing native plugins compatible for Editor in 38.65 ms, found 0 plugins.
Preloading 0 native plugins for Editor in 0.00 ms.
Initialize engine version: 2020.3.6f1 (338bb68529b2)
[Subsystems] Discovering subsystems at path C:/Program Files/Unity/Hub/Editor/2020.3.6f1/Editor/Data/Resources/UnitySubsystems
[Subsystems] Discovering subsystems at path C:/Users/tjoeun704/Documents/Fps/FPSGame/Assets
GfxDevice: creating device client; threaded=0
Direct3D:
    Version:  Direct3D 11.0 [level 11.1]
    Renderer: NVIDIA GeForce GTX 1050 (ID=0x1c81)
    Vendor:   
    VRAM:     1977 MB
    Driver:   27.21.14.5751
Shader 'WFX/Transparent Specular': fallback shader 'Particles/Alpha Blended' not found
Shader 'WFX/Transparent Diffuse': fallback shader 'Particles/Alpha Blended' not found
Initialize mono
Mono path[0] = 'C:/Program Files/Unity/Hub/Editor/2020.3.6f1/Editor/Data/Managed'
Mono path[1] = 'C:/Program Files/Unity/Hub/Editor/2020.3.6f1/Editor/Data/MonoBleedingEdge/lib/mono/unityjit'
Mono config path = 'C:/Program Files/Unity/Hub/Editor/2020.3.6f1/Editor/Data/MonoBleedingEdge/etc'
Using monoOptions --debugger-agent=transport=dt_socket,embedding=1,server=y,suspend=n,address=127.0.0.1:56344
Begin MonoManager ReloadAssembly
Registering precompiled unity dll's ...
Register platform support module: C:/Program Files/Unity/Hub/Editor/2020.3.6f1/Editor/Data/PlaybackEngines/WebGLSupport/UnityEditor.WebGL.Extensions.dll
Register platform support module: C:/Program Files/Unity/Hub/Editor/2020.3.6f1/Editor/Data/PlaybackEngines/WindowsStandaloneSupport/UnityEditor.WindowsStandalone.Extensions.dll
Registered in 0.002830 seconds.
Native extension for WindowsStandalone target not found
Native extension for WebGL target not found
Refreshing native plugins compatible for Editor in 43.91 ms, found 0 plugins.
Preloading 0 native plugins for Editor in 0.00 ms.
Mono: successfully reloaded assembly
- Completed reload, in  2.433 seconds
Platform modules already initialized, skipping
Registering precompiled user dll's ...
Registered in 0.001023 seconds.
Begin MonoManager ReloadAssembly
Native extension for WindowsStandalone target not found
Native extension for WebGL target not found
Refreshing native plugins compatible for Editor in 0.45 ms, found 0 plugins.
Preloading 0 native plugins for Editor in 0.00 ms.
Mono: successfully reloaded assembly
- Completed reload, in  1.012 seconds
Platform modules already initialized, skipping
========================================================================
Worker process is ready to serve import requests
Shader 'WFX/Transparent Diffuse': fallback shader 'Particles/Alpha Blended' not found
Shader 'WFX/Transparent Specular': fallback shader 'Particles/Alpha Blended' not found
Launched and connected shader compiler UnityShaderCompiler.exe after 0.05 seconds
Refreshing native plugins compatible for Editor in 0.53 ms, found 0 plugins.
Preloading 0 native plugins for Editor in 0.00 ms.
Unloading 1275 Unused Serialized files (Serialized files now loaded: 0)
System memory in use before: 71.3 MB.
System memory in use after: 71.3 MB.

Unloading 10 unused Assets to reduce memory usage. Loaded Objects now: 1724.
Total: 2.329000 ms (FindLiveObjects: 0.152300 ms CreateObjectMapping: 0.070800 ms MarkObjects: 1.948600 ms  DeleteObjects: 0.156300 ms)

========================================================================
Received Import Request.
  path: Assets/DownLode/Low Poly Graveyard/Models
  artifactKey: Guid(2ceacb87f08de054d8644816dc63a2b1) Importer(815301076,1909f56bfc062723c751e8b465ee728b)
Start importing Assets/DownLode/Low Poly Graveyard/Models using Guid(2ceacb87f08de054d8644816dc63a2b1) Importer(815301076,1909f56bfc062723c751e8b465ee728b)  -> (artifact id: '1e0c74f4b3d53d59dad27ae23dc795f7') in 0.010509 seconds
  Import took 0.013388 seconds .

========================================================================
Received Import Request.
  Time since last request: 20.247252 seconds.
  path: Assets/Script/PlayerState.cs
  artifactKey: Guid(85681b400ff95754d81b0e7d559d3e3e) Importer(815301076,1909f56bfc062723c751e8b465ee728b)
Start importing Assets/Script/PlayerState.cs using Guid(85681b400ff95754d81b0e7d559d3e3e) Importer(815301076,1909f56bfc062723c751e8b465ee728b)  -> (artifact id: '333eaca2a9bace3edc4f654a4f5b2701') in 0.042103 seconds
  Import took 0.045049 seconds .

========================================================================
Received Import Request.
  Time since last request: 0.402031 seconds.
  path: Assets/Script/AudioManager.cs
  artifactKey: Guid(711ece9d253e2774fa7db2889b275c09) Importer(815301076,1909f56bfc062723c751e8b465ee728b)
Start importing Assets/Script/AudioManager.cs using Guid(711ece9d253e2774fa7db2889b275c09) Importer(815301076,1909f56bfc062723c751e8b465ee728b)  -> (artifact id: '5a730792cdc4d4141e6ce533b7f247c2') in 0.009328 seconds
  Import took 0.012135 seconds .

========================================================================
Received Import Request.
  Time since last request: 0.001955 seconds.
  path: Assets/Script/AudioManager.cs
  artifactKey: Guid(711ece9d253e2774fa7db2889b275c09) Importer(815301076,1909f56bfc062723c751e8b465ee728b)
Start importing Assets/Script/AudioManager.cs using Guid(711ece9d253e2774fa7db2889b275c09) Importer(815301076,1909f56bfc062723c751e8b465ee728b)  -> (artifact id: '5a730792cdc4d4141e6ce533b7f247c2') in 0.003418 seconds
  Import took 0.006700 seconds .

========================================================================
Received Import Request.
  Time since last request: 0.331485 seconds.
  path: Assets/Script/Bullet.cs
  artifactKey: Guid(c01d5aa5ad7c4be42bb0109dc678b5c5) Importer(815301076,1909f56bfc062723c751e8b465ee728b)
Start importing Assets/Script/Bullet.cs using Guid(c01d5aa5ad7c4be42bb0109dc678b5c5) Importer(815301076,1909f56bfc062723c751e8b465ee728b)  -> (artifact id: '4271f41d73bdd6b5af36ed5fc2ec94f4') in 0.009105 seconds
  Import took 0.011856 seconds .

========================================================================
Received Import Request.
  Time since last request: 0.002967 seconds.
  path: Assets/Script/Bullet.cs
  artifactKey: Guid(c01d5aa5ad7c4be42bb0109dc678b5c5) Importer(815301076,1909f56bfc062723c751e8b465ee728b)
Start importing Assets/Script/Bullet.cs using Guid(c01d5aa5ad7c4be42bb0109dc678b5c5) Importer(815301076,1909f56bfc062723c751e8b465ee728b)  -> (artifact id: '4271f41d73bdd6b5af36ed5fc2ec94f4') in 0.003203 seconds
  Import took 0.008645 seconds .

========================================================================
Received Import Request.
  Time since last request: 0.211837 seconds.
  path: Assets/Script/EnemyManager.cs
  artifactKey: Guid(f39bbae7f27aed8469fad2b832ea7405) Importer(815301076,1909f56bfc062723c751e8b465ee728b)
Start importing Assets/Script/EnemyManager.cs using Guid(f39bbae7f27aed8469fad2b832ea7405) Importer(815301076,1909f56bfc062723c751e8b465ee728b)  -> (artifact id: '7c824d1960506b190e02f56086cc62d5') in 0.009396 seconds
  Import took 0.012404 seconds .

========================================================================
Received Import Request.
  Time since last request: 0.002086 seconds.
  path: Assets/Script/EnemyManager.cs
  artifactKey: Guid(f39bbae7f27aed8469fad2b832ea7405) Importer(815301076,1909f56bfc062723c751e8b465ee728b)
Start importing Assets/Script/EnemyManager.cs using Guid(f39bbae7f27aed8469fad2b832ea7405) Importer(815301076,1909f56bfc062723c751e8b465ee728b)  -> (artifact id: '7c824d1960506b190e02f56086cc62d5') in 0.003780 seconds
  Import took 0.008013 seconds .

========================================================================
Received Import Request.
  Time since last request: 0.163815 seconds.
  path: Assets/Script/FireManager.cs
  artifactKey: Guid(d9f6eb45118509744876450817ded03e) Importer(815301076,1909f56bfc062723c751e8b465ee728b)
Start importing Assets/Script/FireManager.cs using Guid(d9f6eb45118509744876450817ded03e) Importer(815301076,1909f56bfc062723c751e8b465ee728b)  -> (artifact id: 'eca7df8cd6a7e33744d502d3e10115e4') in 0.009855 seconds
  Import took 0.012530 seconds .

========================================================================
Received Import Request.
  Time since last request: 0.000818 seconds.
  path: Assets/Script/FireManager.cs
  artifactKey: Guid(d9f6eb45118509744876450817ded03e) Importer(815301076,1909f56bfc062723c751e8b465ee728b)
Start importing Assets/Script/FireManager.cs using Guid(d9f6eb45118509744876450817ded03e) Importer(815301076,1909f56bfc062723c751e8b465ee728b)  -> (artifact id: 'eca7df8cd6a7e33744d502d3e10115e4') in 0.003680 seconds
  Import took 0.007046 seconds .

========================================================================
Received Import Request.
  Time since last request: 1.183928 seconds.
  path: Assets/Script/CameraShake.cs
  artifactKey: Guid(81500573d574aa843b65f0de6b8225cf) Importer(815301076,1909f56bfc062723c751e8b465ee728b)
Start importing Assets/Script/CameraShake.cs using Guid(81500573d574aa843b65f0de6b8225cf) Importer(815301076,1909f56bfc062723c751e8b465ee728b)  -> (artifact id: '109bcf34018a620c5e3e8db9b2b43edd') in 0.009091 seconds
  Import took 0.012146 seconds .

========================================================================
Received Import Request.
  Time since last request: 12.377562 seconds.
  path: Assets/Script/CharaterMove.cs
  artifactKey: Guid(e137d2a7123cbbf4dac3822fcf983d6b) Importer(815301076,1909f56bfc062723c751e8b465ee728b)
Start importing Assets/Script/CharaterMove.cs using Guid(e137d2a7123cbbf4dac3822fcf983d6b) Importer(815301076,1909f56bfc062723c751e8b465ee728b)  -> (artifact id: 'af61f6c6d6ea479a6e995418a21450fe') in 0.008173 seconds
  Import took 0.011074 seconds .

========================================================================
Received Import Request.
  Time since last request: 0.115082 seconds.
  path: Assets/Script/CharaterMove.cs
  artifactKey: Guid(e137d2a7123cbbf4dac3822fcf983d6b) Importer(815301076,1909f56bfc062723c751e8b465ee728b)
Start importing Assets/Script/CharaterMove.cs using Guid(e137d2a7123cbbf4dac3822fcf983d6b) Importer(815301076,1909f56bfc062723c751e8b465ee728b)  -> (artifact id: 'af61f6c6d6ea479a6e995418a21450fe') in 0.012641 seconds
  Import took 0.015682 seconds .

========================================================================
Received Prepare
Registering precompiled user dll's ...
Registered in 0.000999 seconds.
Begin MonoManager ReloadAssembly
Native extension for WindowsStandalone target not found
Native extension for WebGL target not found
Refreshing native plugins compatible for Editor in 0.38 ms, found 0 plugins.
Preloading 0 native plugins for Editor in 0.00 ms.
Mono: successfully reloaded assembly
- Completed reload, in  1.078 seconds
Platform modules already initialized, skipping
Shader 'WFX/Transparent Diffuse': fallback shader 'Particles/Alpha Blended' not found
Shader 'WFX/Transparent Specular': fallback shader 'Particles/Alpha Blended' not found
Refreshing native plugins compatible for Editor in 0.32 ms, found 0 plugins.
Preloading 0 native plugins for Editor in 0.00 ms.
Unloading 1229 Unused Serialized files (Serialized files now loaded: 0)
System memory in use before: 67.2 MB.
System memory in use after: 67.3 MB.

Unloading 5 unused Assets to reduce memory usage. Loaded Objects now: 1727.
Total: 1.931100 ms (FindLiveObjects: 0.211600 ms CreateObjectMapping: 0.056200 ms MarkObjects: 1.570700 ms  DeleteObjects: 0.090500 ms)

========================================================================
Received Import Request.
  Time since last request: 101.829172 seconds.
  path: Assets/Scenes/02_TestScenes.unity
  artifactKey: Guid(501c31712b156df46b5c2cfbd4e26e26) Importer(815301076,1909f56bfc062723c751e8b465ee728b)
Start importing Assets/Scenes/02_TestScenes.unity using Guid(501c31712b156df46b5c2cfbd4e26e26) Importer(815301076,1909f56bfc062723c751e8b465ee728b)  -> (artifact id: '703e88084bb00ffc3b820c5f0770c8b7') in 0.021287 seconds
  Import took 0.024513 seconds .

========================================================================
Received Import Request.
  Time since last request: 0.325724 seconds.
  path: Assets/Scenes/01_Main.unity
  artifactKey: Guid(9fc0d4010bbf28b4594072e72b8655ab) Importer(815301076,1909f56bfc062723c751e8b465ee728b)
Start importing Assets/Scenes/01_Main.unity using Guid(9fc0d4010bbf28b4594072e72b8655ab) Importer(815301076,1909f56bfc062723c751e8b465ee728b)  -> (artifact id: '388e6626cfb11357bb8b92c5537d40e5') in 0.012491 seconds
  Import took 0.015213 seconds .

========================================================================
Received Prepare
Registering precompiled user dll's ...
Registered in 0.000897 seconds.
Begin MonoManager ReloadAssembly
Native extension for WindowsStandalone target not found
Native extension for WebGL target not found
Refreshing native plugins compatible for Editor in 0.30 ms, found 0 plugins.
Preloading 0 native plugins for Editor in 0.00 ms.
Mono: successfully reloaded assembly
- Completed reload, in  0.928 seconds
Platform modules already initialized, skipping
Shader 'WFX/Transparent Diffuse': fallback shader 'Particles/Alpha Blended' not found
Shader 'WFX/Transparent Specular': fallback shader 'Particles/Alpha Blended' not found
Refreshing native plugins compatible for Editor in 0.32 ms, found 0 plugins.
Preloading 0 native plugins for Editor in 0.00 ms.
Unloading 1229 Unused Serialized files (Serialized files now loaded: 0)
System memory in use before: 67.3 MB.
System memory in use after: 67.3 MB.

Unloading 5 unused Assets to reduce memory usage. Loaded Objects now: 1730.
Total: 5.172600 ms (FindLiveObjects: 0.220600 ms CreateObjectMapping: 0.049000 ms MarkObjects: 4.801700 ms  DeleteObjects: 0.099200 ms)

========================================================================
Received Import Request.
  Time since last request: 63.954274 seconds.
  path: Assets/DownLode/Low Poly Graveyard/Models/brokencross2.FBX
  artifactKey: Guid(db22538a2350eca42b69984921dbd7de) Importer(815301076,1909f56bfc062723c751e8b465ee728b)
Start importing Assets/DownLode/Low Poly Graveyard/Models/brokencross2.FBX using Guid(db22538a2350eca42b69984921dbd7de) Importer(815301076,1909f56bfc062723c751e8b465ee728b)  -> (artifact id: '3ce4d06b183107a600e91a2e1748a655') in 0.334011 seconds
  Import took 0.337154 seconds .

========================================================================
Received Import Request.
  Time since last request: 10.928619 seconds.
  path: Assets/DownLode/Low Poly Graveyard/Models/brokencross1.FBX
  artifactKey: Guid(a3a9c44bdb59aa64d8ffd4ab3ea8bb71) Importer(815301076,1909f56bfc062723c751e8b465ee728b)
Start importing Assets/DownLode/Low Poly Graveyard/Models/brokencross1.FBX using Guid(a3a9c44bdb59aa64d8ffd4ab3ea8bb71) Importer(815301076,1909f56bfc062723c751e8b465ee728b)  -> (artifact id: '5d2db44809487fbc70655e7c63eef60f') in 0.059012 seconds
  Import took 0.062194 seconds .

========================================================================
Received Import Request.
  Time since last request: 0.212015 seconds.
  path: Assets/DownLode/Low Poly Graveyard/Models/brokencross3.FBX
  artifactKey: Guid(967ba5a07fdbb85439dc6f3d374d0fad) Importer(815301076,1909f56bfc062723c751e8b465ee728b)
Start importing Assets/DownLode/Low Poly Graveyard/Models/brokencross3.FBX using Guid(967ba5a07fdbb85439dc6f3d374d0fad) Importer(815301076,1909f56bfc062723c751e8b465ee728b)  -> (artifact id: '7de3cf717378b6a022ec8eeac46cc0a6') in 0.038748 seconds
  Import took 0.042071 seconds .

========================================================================
Received Import Request.
  Time since last request: 0.350263 seconds.
  path: Assets/DownLode/Low Poly Graveyard/Models/buried grave2.FBX
  artifactKey: Guid(49362c86a9100494ba6ed42f14ed8681) Importer(815301076,1909f56bfc062723c751e8b465ee728b)
Start importing Assets/DownLode/Low Poly Graveyard/Models/buried grave2.FBX using Guid(49362c86a9100494ba6ed42f14ed8681) Importer(815301076,1909f56bfc062723c751e8b465ee728b)  -> (artifact id: '8d2fe02156e9357d7e91440398824f58') in 0.032208 seconds
  Import took 0.035330 seconds .

========================================================================
Received Import Request.
  Time since last request: 1.583341 seconds.
  path: Assets/DownLode/Low Poly Graveyard/Models/vase.FBX
  artifactKey: Guid(dd68f2016fce4124cab3c25991572b11) Importer(815301076,1909f56bfc062723c751e8b465ee728b)
Start importing Assets/DownLode/Low Poly Graveyard/Models/vase.FBX using Guid(dd68f2016fce4124cab3c25991572b11) Importer(815301076,1909f56bfc062723c751e8b465ee728b)  -> (artifact id: '2ba324440e01e294cea094f2fae9572c') in 0.030631 seconds
  Import took 0.034362 seconds .

========================================================================
Received Import Request.
  Time since last request: 0.422346 seconds.
  path: Assets/DownLode/Low Poly Graveyard/Models/vaseshelf.FBX
  artifactKey: Guid(fe301a98b331bc4448e7d0ccc2f8f993) Importer(815301076,1909f56bfc062723c751e8b465ee728b)
Start importing Assets/DownLode/Low Poly Graveyard/Models/vaseshelf.FBX using Guid(fe301a98b331bc4448e7d0ccc2f8f993) Importer(815301076,1909f56bfc062723c751e8b465ee728b)  -> (artifact id: 'f81da4e09e192c15cf996a96c4a3d169') in 0.031612 seconds
  Import took 0.034649 seconds .

========================================================================
Received Import Request.
  Time since last request: 0.514891 seconds.
  path: Assets/DownLode/Low Poly Graveyard/Models/tombstonesign.FBX
  artifactKey: Guid(2c718e3a5b145ac4fb36a2563ae9289b) Importer(815301076,1909f56bfc062723c751e8b465ee728b)
Start importing Assets/DownLode/Low Poly Graveyard/Models/tombstonesign.FBX using Guid(2c718e3a5b145ac4fb36a2563ae9289b) Importer(815301076,1909f56bfc062723c751e8b465ee728b)  -> (artifact id: 'e4468e2b1d435fe120ab4b56fe70ad58') in 0.031288 seconds
  Import took 0.033980 seconds .

========================================================================
Received Import Request.
  Time since last request: 0.346975 seconds.
  path: Assets/DownLode/Low Poly Graveyard/Models/tombstone4.FBX
  artifactKey: Guid(8aae458780c283a439285deda19b0c71) Importer(815301076,1909f56bfc062723c751e8b465ee728b)
Start importing Assets/DownLode/Low Poly Graveyard/Models/tombstone4.FBX using Guid(8aae458780c283a439285deda19b0c71) Importer(815301076,1909f56bfc062723c751e8b465ee728b)  -> (artifact id: '2cb568f10cbbfed87ef1fb3751103dd4') in 0.039146 seconds
  Import took 0.042166 seconds .

========================================================================
Received Import Request.
  Time since last request: 0.290226 seconds.
  path: Assets/DownLode/Low Poly Graveyard/Models/tombstone3.FBX
  artifactKey: Guid(f2b30a540021a944f96a8d66fbc41467) Importer(815301076,1909f56bfc062723c751e8b465ee728b)
Start importing Assets/DownLode/Low Poly Graveyard/Models/tombstone3.FBX using Guid(f2b30a540021a944f96a8d66fbc41467) Importer(815301076,1909f56bfc062723c751e8b465ee728b)  -> (artifact id: '30480e071cebb5c640e70a5edb232f3e') in 0.029351 seconds
  Import took 0.032701 seconds .

========================================================================
Received Import Request.
  Time since last request: 0.283346 seconds.
  path: Assets/DownLode/Low Poly Graveyard/Models/tombstone2.FBX
  artifactKey: Guid(d7dd5d49b299069468a8e0850c1dc4af) Importer(815301076,1909f56bfc062723c751e8b465ee728b)
Start importing Assets/DownLode/Low Poly Graveyard/Models/tombstone2.FBX using Guid(d7dd5d49b299069468a8e0850c1dc4af) Importer(815301076,1909f56bfc062723c751e8b465ee728b)  -> (artifact id: '091538911bf97c24ebdcb69216f8b4f8') in 0.041459 seconds
  Import took 0.049138 seconds .

========================================================================
Received Import Request.
  Time since last request: 0.381439 seconds.
  path: Assets/DownLode/Low Poly Graveyard/Models/tombstone1.FBX
  artifactKey: Guid(42f2040d9f2e7f7499bf78ca1a1a1ad0) Importer(815301076,1909f56bfc062723c751e8b465ee728b)
Start importing Assets/DownLode/Low Poly Graveyard/Models/tombstone1.FBX using Guid(42f2040d9f2e7f7499bf78ca1a1a1ad0) Importer(815301076,1909f56bfc062723c751e8b465ee728b)  -> (artifact id: '4ff5f35f244ed70e87300562e16498a7') in 0.027893 seconds
  Import took 0.030422 seconds .

========================================================================
Received Import Request.
  Time since last request: 0.001163 seconds.
  path: Assets/DownLode/Low Poly Graveyard/Models/tombstone1.FBX
  artifactKey: Guid(42f2040d9f2e7f7499bf78ca1a1a1ad0) Importer(815301076,1909f56bfc062723c751e8b465ee728b)
Start importing Assets/DownLode/Low Poly Graveyard/Models/tombstone1.FBX using Guid(42f2040d9f2e7f7499bf78ca1a1a1ad0) Importer(815301076,1909f56bfc062723c751e8b465ee728b)  -> (artifact id: '4ff5f35f244ed70e87300562e16498a7') in 0.025779 seconds
  Import took 0.028525 seconds .

========================================================================
Received Import Request.
  Time since last request: 0.708110 seconds.
  path: Assets/DownLode/Low Poly Graveyard/Models/skeleton.FBX
  artifactKey: Guid(01e62327c0e72c94f9c1e8a1fc6d68b3) Importer(815301076,1909f56bfc062723c751e8b465ee728b)
Start importing Assets/DownLode/Low Poly Graveyard/Models/skeleton.FBX using Guid(01e62327c0e72c94f9c1e8a1fc6d68b3) Importer(815301076,1909f56bfc062723c751e8b465ee728b)  -> (artifact id: 'b28c40cb12ca522a4dd789363e0c670d') in 0.029008 seconds
  Import took 0.031804 seconds .

========================================================================
Received Import Request.
  Time since last request: 0.263926 seconds.
  path: Assets/DownLode/Low Poly Graveyard/Models/sjull.FBX
  artifactKey: Guid(955e678bf94f23a49b818b42959b28e1) Importer(815301076,1909f56bfc062723c751e8b465ee728b)
Start importing Assets/DownLode/Low Poly Graveyard/Models/sjull.FBX using Guid(955e678bf94f23a49b818b42959b28e1) Importer(815301076,1909f56bfc062723c751e8b465ee728b)  -> (artifact id: '040bd074db304fce46435068b7f0cfa4') in 0.035391 seconds
  Import took 0.038358 seconds .

========================================================================
Received Import Request.
  Time since last request: 2.367338 seconds.
  path: Assets/DownLode/Low Poly Graveyard/Models/shovel.FBX
  artifactKey: Guid(0752204d774b4a640974f78f0925ed66) Importer(815301076,1909f56bfc062723c751e8b465ee728b)
Start importing Assets/DownLode/Low Poly Graveyard/Models/shovel.FBX using Guid(0752204d774b4a640974f78f0925ed66) Importer(815301076,1909f56bfc062723c751e8b465ee728b)  -> (artifact id: '669f1766599eadd1d519c4602809e929') in 0.025396 seconds
  Import took 0.029254 seconds .

========================================================================
Received Import Request.
  Time since last request: 0.004750 seconds.
  path: Assets/DownLode/Low Poly Graveyard/Models/shovel.FBX
  artifactKey: Guid(0752204d774b4a640974f78f0925ed66) Importer(815301076,1909f56bfc062723c751e8b465ee728b)
Start importing Assets/DownLode/Low Poly Graveyard/Models/shovel.FBX using Guid(0752204d774b4a640974f78f0925ed66) Importer(815301076,1909f56bfc062723c751e8b465ee728b)  -> (artifact id: '669f1766599eadd1d519c4602809e929') in 0.025417 seconds
  Import took 0.028048 seconds .

========================================================================
Received Import Request.
  Time since last request: 0.308136 seconds.
  path: Assets/DownLode/Low Poly Graveyard/Models/humanchest.FBX
  artifactKey: Guid(07d0fb17c59ad39419a2947b0a5054c1) Importer(815301076,1909f56bfc062723c751e8b465ee728b)
Start importing Assets/DownLode/Low Poly Graveyard/Models/humanchest.FBX using Guid(07d0fb17c59ad39419a2947b0a5054c1) Importer(815301076,1909f56bfc062723c751e8b465ee728b)  -> (artifact id: '24af230c89c51ab18816f77138d7193f') in 0.037839 seconds
  Import took 0.040809 seconds .

========================================================================
Received Import Request.
  Time since last request: 1.258703 seconds.
  path: Assets/DownLode/Low Poly Graveyard/Models/grave8.FBX
  artifactKey: Guid(ebb1e5abeab6af84e8dc8b555aadcc34) Importer(815301076,1909f56bfc062723c751e8b465ee728b)
Start importing Assets/DownLode/Low Poly Graveyard/Models/grave8.FBX using Guid(ebb1e5abeab6af84e8dc8b555aadcc34) Importer(815301076,1909f56bfc062723c751e8b465ee728b)  -> (artifact id: 'e43c4dcc568f8b71a449adb952edb266') in 0.033961 seconds
  Import took 0.036475 seconds .

========================================================================
Received Import Request.
  Time since last request: 0.395279 seconds.
  path: Assets/DownLode/Low Poly Graveyard/Models/grave7.FBX
  artifactKey: Guid(cda8dee6f03b0014a940ca76b70a4ae8) Importer(815301076,1909f56bfc062723c751e8b465ee728b)
Start importing Assets/DownLode/Low Poly Graveyard/Models/grave7.FBX using Guid(cda8dee6f03b0014a940ca76b70a4ae8) Importer(815301076,1909f56bfc062723c751e8b465ee728b)  -> (artifact id: 'f47a10d1b5ca8e43e077d604ac07b58f') in 0.029496 seconds
  Import took 0.032001 seconds .

========================================================================
Received Import Request.
  Time since last request: 0.001636 seconds.
  path: Assets/DownLode/Low Poly Graveyard/Models/grave7.FBX
  artifactKey: Guid(cda8dee6f03b0014a940ca76b70a4ae8) Importer(815301076,1909f56bfc062723c751e8b465ee728b)
Start importing Assets/DownLode/Low Poly Graveyard/Models/grave7.FBX using Guid(cda8dee6f03b0014a940ca76b70a4ae8) Importer(815301076,1909f56bfc062723c751e8b465ee728b)  -> (artifact id: 'f47a10d1b5ca8e43e077d604ac07b58f') in 0.024616 seconds
  Import took 0.028068 seconds .

========================================================================
Received Import Request.
  Time since last request: 0.292143 seconds.
  path: Assets/DownLode/Low Poly Graveyard/Models/grave6.FBX
  artifactKey: Guid(f7ca56181e589ab449900c5436b8c226) Importer(815301076,1909f56bfc062723c751e8b465ee728b)
Start importing Assets/DownLode/Low Poly Graveyard/Models/grave6.FBX using Guid(f7ca56181e589ab449900c5436b8c226) Importer(815301076,1909f56bfc062723c751e8b465ee728b)  -> (artifact id: '466ff588d9842ff8d8044d3e0d542be2') in 0.029134 seconds
  Import took 0.031780 seconds .

========================================================================
Received Import Request.
  Time since last request: 1.098493 seconds.
  path: Assets/DownLode/Low Poly Graveyard/Models/grave5.FBX
  artifactKey: Guid(c74d097345d816d459989fc24ad7a48e) Importer(815301076,1909f56bfc062723c751e8b465ee728b)
Start importing Assets/DownLode/Low Poly Graveyard/Models/grave5.FBX using Guid(c74d097345d816d459989fc24ad7a48e) Importer(815301076,1909f56bfc062723c751e8b465ee728b)  -> (artifact id: '796cd41c8a9fe088b94220eb8cdf747d') in 0.031438 seconds
  Import took 0.034448 seconds .

========================================================================
Received Import Request.
  Time since last request: 0.371484 seconds.
  path: Assets/DownLode/Low Poly Graveyard/Models/grave4.FBX
  artifactKey: Guid(4836a4157f6067447a2b7bab0478adfc) Importer(815301076,1909f56bfc062723c751e8b465ee728b)
Start importing Assets/DownLode/Low Poly Graveyard/Models/grave4.FBX using Guid(4836a4157f6067447a2b7bab0478adfc) Importer(815301076,1909f56bfc062723c751e8b465ee728b)  -> (artifact id: '4104ab693a7735ade8837303e0318d95') in 0.029730 seconds
  Import took 0.032507 seconds .

========================================================================
Received Import Request.
  Time since last request: 0.219099 seconds.
  path: Assets/DownLode/Low Poly Graveyard/Models/grave3.FBX
  artifactKey: Guid(1af1a7d58a5260a46bc2228147f238ab) Importer(815301076,1909f56bfc062723c751e8b465ee728b)
Start importing Assets/DownLode/Low Poly Graveyard/Models/grave3.FBX using Guid(1af1a7d58a5260a46bc2228147f238ab) Importer(815301076,1909f56bfc062723c751e8b465ee728b)  -> (artifact id: '9fd1b21a9b11b48e66e6e7bdd3408bc1') in 0.029573 seconds
  Import took 0.032588 seconds .

========================================================================
Received Import Request.
  Time since last request: 0.232306 seconds.
  path: Assets/DownLode/Low Poly Graveyard/Models/grave2.FBX
  artifactKey: Guid(70d64631d5fac254ca0244425c0d40f8) Importer(815301076,1909f56bfc062723c751e8b465ee728b)
Start importing Assets/DownLode/Low Poly Graveyard/Models/grave2.FBX using Guid(70d64631d5fac254ca0244425c0d40f8) Importer(815301076,1909f56bfc062723c751e8b465ee728b)  -> (artifact id: '298c9754efaa795451e89a9af7104b32') in 0.041859 seconds
  Import took 0.044530 seconds .

========================================================================
Received Import Request.
  Time since last request: 0.230289 seconds.
  path: Assets/DownLode/Low Poly Graveyard/Models/grave1.FBX
  artifactKey: Guid(586f70de42e26434281b438d7d19e6cf) Importer(815301076,1909f56bfc062723c751e8b465ee728b)
Start importing Assets/DownLode/Low Poly Graveyard/Models/grave1.FBX using Guid(586f70de42e26434281b438d7d19e6cf) Importer(815301076,1909f56bfc062723c751e8b465ee728b)  -> (artifact id: 'e94e679e5ebe880d1ccb2849990608b2') in 0.028236 seconds
  Import took 0.031696 seconds .

========================================================================
Received Import Request.
  Time since last request: 0.203895 seconds.
  path: Assets/DownLode/Low Poly Graveyard/Models/flower3.FBX
  artifactKey: Guid(a690ec7d148541543946d781b573707d) Importer(815301076,1909f56bfc062723c751e8b465ee728b)
Start importing Assets/DownLode/Low Poly Graveyard/Models/flower3.FBX using Guid(a690ec7d148541543946d781b573707d) Importer(815301076,1909f56bfc062723c751e8b465ee728b)  -> (artifact id: 'f15668853db742ab9a49fbcf5b132adc') in 0.030798 seconds
  Import took 0.033498 seconds .

========================================================================
Received Import Request.
  Time since last request: 0.002389 seconds.
  path: Assets/DownLode/Low Poly Graveyard/Models/flower3.FBX
  artifactKey: Guid(a690ec7d148541543946d781b573707d) Importer(815301076,1909f56bfc062723c751e8b465ee728b)
Start importing Assets/DownLode/Low Poly Graveyard/Models/flower3.FBX using Guid(a690ec7d148541543946d781b573707d) Importer(815301076,1909f56bfc062723c751e8b465ee728b)  -> (artifact id: 'f15668853db742ab9a49fbcf5b132adc') in 0.025389 seconds
  Import took 0.028621 seconds .

========================================================================
Received Import Request.
  Time since last request: 0.396828 seconds.
  path: Assets/DownLode/Low Poly Graveyard/Models/flower1.FBX
  artifactKey: Guid(e35a39b21dd83f6448a11acf8ad4ce09) Importer(815301076,1909f56bfc062723c751e8b465ee728b)
Start importing Assets/DownLode/Low Poly Graveyard/Models/flower1.FBX using Guid(e35a39b21dd83f6448a11acf8ad4ce09) Importer(815301076,1909f56bfc062723c751e8b465ee728b)  -> (artifact id: 'a024a2f53527d6f628fca0f38e851121') in 0.028823 seconds
  Import took 0.031707 seconds .

========================================================================
Received Import Request.
  Time since last request: 0.000956 seconds.
  path: Assets/DownLode/Low Poly Graveyard/Models/flower1.FBX
  artifactKey: Guid(e35a39b21dd83f6448a11acf8ad4ce09) Importer(815301076,1909f56bfc062723c751e8b465ee728b)
Start importing Assets/DownLode/Low Poly Graveyard/Models/flower1.FBX using Guid(e35a39b21dd83f6448a11acf8ad4ce09) Importer(815301076,1909f56bfc062723c751e8b465ee728b)  -> (artifact id: 'a024a2f53527d6f628fca0f38e851121') in 0.024487 seconds
  Import took 0.028549 seconds .

========================================================================
Received Import Request.
  Time since last request: 0.378591 seconds.
  path: Assets/DownLode/Low Poly Graveyard/Models/cross3.FBX
  artifactKey: Guid(0d64ef243d84f914cb89a82cafc2c628) Importer(815301076,1909f56bfc062723c751e8b465ee728b)
Start importing Assets/DownLode/Low Poly Graveyard/Models/cross3.FBX using Guid(0d64ef243d84f914cb89a82cafc2c628) Importer(815301076,1909f56bfc062723c751e8b465ee728b)  -> (artifact id: 'bc563ad872b0a1f86ca9f5a9d14d8f1a') in 0.042457 seconds
  Import took 0.045171 seconds .

========================================================================
Received Import Request.
  Time since last request: 0.544138 seconds.
  path: Assets/DownLode/Low Poly Graveyard/Models/cross2.FBX
  artifactKey: Guid(f5ff7561fb97a12419c71ae108e71915) Importer(815301076,1909f56bfc062723c751e8b465ee728b)
Start importing Assets/DownLode/Low Poly Graveyard/Models/cross2.FBX using Guid(f5ff7561fb97a12419c71ae108e71915) Importer(815301076,1909f56bfc062723c751e8b465ee728b)  -> (artifact id: '19c5d07b027be6637a0c1f2b10d508b2') in 0.030127 seconds
  Import took 0.033416 seconds .

========================================================================
Received Import Request.
  Time since last request: 0.150792 seconds.
  path: Assets/DownLode/Low Poly Graveyard/Models/cross1.FBX
  artifactKey: Guid(c46b0446c51022b409e2b1728027b4e3) Importer(815301076,1909f56bfc062723c751e8b465ee728b)
Start importing Assets/DownLode/Low Poly Graveyard/Models/cross1.FBX using Guid(c46b0446c51022b409e2b1728027b4e3) Importer(815301076,1909f56bfc062723c751e8b465ee728b)  -> (artifact id: 'e52f5adaa1fdd1860a3af5cbc85ea0c2') in 0.029451 seconds
  Import took 0.032247 seconds .

========================================================================
Received Import Request.
  Time since last request: 0.196829 seconds.
  path: Assets/DownLode/Low Poly Graveyard/Models/coffin.FBX
  artifactKey: Guid(ab362dc39ea4eb145a0261327a28c80c) Importer(815301076,1909f56bfc062723c751e8b465ee728b)
Start importing Assets/DownLode/Low Poly Graveyard/Models/coffin.FBX using Guid(ab362dc39ea4eb145a0261327a28c80c) Importer(815301076,1909f56bfc062723c751e8b465ee728b)  -> (artifact id: '5bba65cd9aeb3e783850dcf3cce7ccf2') in 0.030492 seconds
  Import took 0.033140 seconds .

========================================================================
Received Import Request.
  Time since last request: 0.001759 seconds.
  path: Assets/DownLode/Low Poly Graveyard/Models/coffin.FBX
  artifactKey: Guid(ab362dc39ea4eb145a0261327a28c80c) Importer(815301076,1909f56bfc062723c751e8b465ee728b)
Start importing Assets/DownLode/Low Poly Graveyard/Models/coffin.FBX using Guid(ab362dc39ea4eb145a0261327a28c80c) Importer(815301076,1909f56bfc062723c751e8b465ee728b)  -> (artifact id: '5bba65cd9aeb3e783850dcf3cce7ccf2') in 0.027183 seconds
  Import took 0.030674 seconds .

========================================================================
Received Import Request.
  Time since last request: 0.417828 seconds.
  path: Assets/DownLode/Low Poly Graveyard/Models/buried grave1.FBX
  artifactKey: Guid(8d8f165d4ea5e0649ad1473b2f3feb77) Importer(815301076,1909f56bfc062723c751e8b465ee728b)
Start importing Assets/DownLode/Low Poly Graveyard/Models/buried grave1.FBX using Guid(8d8f165d4ea5e0649ad1473b2f3feb77) Importer(815301076,1909f56bfc062723c751e8b465ee728b)  -> (artifact id: 'fa35b0ba6a9b1a9ab89bfc98fae4fac1') in 0.040304 seconds
  Import took 0.043598 seconds .

========================================================================
Received Import Request.
  Time since last request: 0.846126 seconds.
  path: Assets/DownLode/Low Poly Graveyard/Models/brokentombstone3.FBX
  artifactKey: Guid(52814c124c75f3e458fd5dad9d48dd14) Importer(815301076,1909f56bfc062723c751e8b465ee728b)
Start importing Assets/DownLode/Low Poly Graveyard/Models/brokentombstone3.FBX using Guid(52814c124c75f3e458fd5dad9d48dd14) Importer(815301076,1909f56bfc062723c751e8b465ee728b)  -> (artifact id: 'e1a1c4ebc410534b3c830a3300d550f1') in 0.028591 seconds
  Import took 0.031948 seconds .

========================================================================
Received Import Request.
  Time since last request: 0.000959 seconds.
  path: Assets/DownLode/Low Poly Graveyard/Models/brokentombstone3.FBX
  artifactKey: Guid(52814c124c75f3e458fd5dad9d48dd14) Importer(815301076,1909f56bfc062723c751e8b465ee728b)
Start importing Assets/DownLode/Low Poly Graveyard/Models/brokentombstone3.FBX using Guid(52814c124c75f3e458fd5dad9d48dd14) Importer(815301076,1909f56bfc062723c751e8b465ee728b)  -> (artifact id: 'e1a1c4ebc410534b3c830a3300d550f1') in 0.025142 seconds
  Import took 0.028765 seconds .

========================================================================
Received Import Request.
  Time since last request: 0.172546 seconds.
  path: Assets/DownLode/Low Poly Graveyard/Models/brokentombstone4.FBX
  artifactKey: Guid(4c0d6caccbf87ba47a71416d8c3adc18) Importer(815301076,1909f56bfc062723c751e8b465ee728b)
Start importing Assets/DownLode/Low Poly Graveyard/Models/brokentombstone4.FBX using Guid(4c0d6caccbf87ba47a71416d8c3adc18) Importer(815301076,1909f56bfc062723c751e8b465ee728b)  -> (artifact id: '3f434b19f8332e23d473ee35f22ea2b8') in 0.132492 seconds
  Import took 0.135731 seconds .

========================================================================
Received Import Request.
  Time since last request: 0.166966 seconds.
  path: Assets/DownLode/Low Poly Graveyard/Models/brokentombstone2.FBX
  artifactKey: Guid(f3ae731c81ea63344a1165baec594d6c) Importer(815301076,1909f56bfc062723c751e8b465ee728b)
Start importing Assets/DownLode/Low Poly Graveyard/Models/brokentombstone2.FBX using Guid(f3ae731c81ea63344a1165baec594d6c) Importer(815301076,1909f56bfc062723c751e8b465ee728b)  -> (artifact id: '09747e4d8101cd51ca65ef693a4cb7f1') in 0.035953 seconds
  Import took 0.038703 seconds .

========================================================================
Received Import Request.
  Time since last request: 0.209246 seconds.
  path: Assets/DownLode/Low Poly Graveyard/Models/brokentombstone1.FBX
  artifactKey: Guid(7ef0ae688626e0f4b813e50789481bf6) Importer(815301076,1909f56bfc062723c751e8b465ee728b)
Start importing Assets/DownLode/Low Poly Graveyard/Models/brokentombstone1.FBX using Guid(7ef0ae688626e0f4b813e50789481bf6) Importer(815301076,1909f56bfc062723c751e8b465ee728b)  -> (artifact id: '7d12b4fbf5c86dd61fab779b855a56ce') in 0.027468 seconds
  Import took 0.031934 seconds .

========================================================================
Received Prepare
Registering precompiled user dll's ...
Registered in 0.000918 seconds.
Begin MonoManager ReloadAssembly
Native extension for WindowsStandalone target not found
Native extension for WebGL target not found
Refreshing native plugins compatible for Editor in 0.36 ms, found 0 plugins.
Preloading 0 native plugins for Editor in 0.00 ms.
Mono: successfully reloaded assembly
- Completed reload, in  0.901 seconds
Platform modules already initialized, skipping
Shader 'WFX/Transparent Diffuse': fallback shader 'Particles/Alpha Blended' not found
Shader 'WFX/Transparent Specular': fallback shader 'Particles/Alpha Blended' not found
Refreshing native plugins compatible for Editor in 0.44 ms, found 0 plugins.
Preloading 0 native plugins for Editor in 0.00 ms.
Unloading 1229 Unused Serialized files (Serialized files now loaded: 0)
System memory in use before: 70.8 MB.
System memory in use after: 70.9 MB.

Unloading 5 unused Assets to reduce memory usage. Loaded Objects now: 1776.
Total: 1.734400 ms (FindLiveObjects: 0.158100 ms CreateObjectMapping: 0.052100 ms MarkObjects: 1.454500 ms  DeleteObjects: 0.068400 ms)

========================================================================
Received Prepare
Registering precompiled user dll's ...
Registered in 0.001015 seconds.
Begin MonoManager ReloadAssembly
Native extension for WindowsStandalone target not found
Native extension for WebGL target not found
Refreshing native plugins compatible for Editor in 0.31 ms, found 0 plugins.
Preloading 0 native plugins for Editor in 0.00 ms.
Mono: successfully reloaded assembly
- Completed reload, in  1.094 seconds
Platform modules already initialized, skipping
Shader 'WFX/Transparent Diffuse': fallback shader 'Particles/Alpha Blended' not found
Shader 'WFX/Transparent Specular': fallback shader 'Particles/Alpha Blended' not found
Refreshing native plugins compatible for Editor in 0.32 ms, found 0 plugins.
Preloading 0 native plugins for Editor in 0.00 ms.
Unloading 1229 Unused Serialized files (Serialized files now loaded: 0)
System memory in use before: 70.8 MB.
System memory in use after: 70.9 MB.

Unloading 5 unused Assets to reduce memory usage. Loaded Objects now: 1779.
Total: 2.032200 ms (FindLiveObjects: 0.226800 ms CreateObjectMapping: 0.086300 ms MarkObjects: 1.627900 ms  DeleteObjects: 0.089400 ms)

========================================================================
Received Import Request.
  Time since last request: 275.350506 seconds.
  path: Assets/PreFabs/Enemy.prefab
  artifactKey: Guid(6c1b6219ddd10324bae0aaf1e8f49b59) Importer(815301076,1909f56bfc062723c751e8b465ee728b)
Start importing Assets/PreFabs/Enemy.prefab using Guid(6c1b6219ddd10324bae0aaf1e8f49b59) Importer(815301076,1909f56bfc062723c751e8b465ee728b)  -> (artifact id: '9fb0aa52500ec954bedc4bcf7640f9e8') in 0.175189 seconds
  Import took 0.193216 seconds .

========================================================================
Received Prepare
Registering precompiled user dll's ...
Registered in 0.000997 seconds.
Begin MonoManager ReloadAssembly
Native extension for WindowsStandalone target not found
Native extension for WebGL target not found
Refreshing native plugins compatible for Editor in 0.30 ms, found 0 plugins.
Preloading 0 native plugins for Editor in 0.00 ms.
Mono: successfully reloaded assembly
- Completed reload, in  0.886 seconds
Platform modules already initialized, skipping
Shader 'WFX/Transparent Diffuse': fallback shader 'Particles/Alpha Blended' not found
Shader 'WFX/Transparent Specular': fallback shader 'Particles/Alpha Blended' not found
Refreshing native plugins compatible for Editor in 0.30 ms, found 0 plugins.
Preloading 0 native plugins for Editor in 0.00 ms.
Unloading 1229 Unused Serialized files (Serialized files now loaded: 0)
System memory in use before: 84.5 MB.
System memory in use after: 84.5 MB.

Unloading 5 unused Assets to reduce memory usage. Loaded Objects now: 1784.
Total: 1.757200 ms (FindLiveObjects: 0.177200 ms CreateObjectMapping: 0.062500 ms MarkObjects: 1.443800 ms  DeleteObjects: 0.072200 ms)

========================================================================
Received Import Request.
  Time since last request: 237.752469 seconds.
  path: Assets/DownLode/Low Poly Graveyard/Materials/Ground.png
  artifactKey: Guid(c1d7fc9b0d1d6054b84057fa9054932b) Importer(815301076,1909f56bfc062723c751e8b465ee728b)
Start importing Assets/DownLode/Low Poly Graveyard/Materials/Ground.png using Guid(c1d7fc9b0d1d6054b84057fa9054932b) Importer(815301076,1909f56bfc062723c751e8b465ee728b)  -> (artifact id: '572c288dc2cf8d274f2d90d9638d57df') in 0.190058 seconds
  Import took 0.192833 seconds .

========================================================================
Received Import Request.
  Time since last request: 197.023977 seconds.
  path: Assets/DownLode/Low Poly Graveyard/Models/coffinroof.FBX
  artifactKey: Guid(7e9a41d2b81733a4589a30d664c33824) Importer(815301076,1909f56bfc062723c751e8b465ee728b)
Start importing Assets/DownLode/Low Poly Graveyard/Models/coffinroof.FBX using Guid(7e9a41d2b81733a4589a30d664c33824) Importer(815301076,1909f56bfc062723c751e8b465ee728b)  -> (artifact id: '14f24a59e95b710a76157f53a8ebd4e3') in 0.220644 seconds
  Import took 0.223593 seconds .

AssetImportWorkerClient::OnTransportError - code=2 error=End of file
