Using pre-set license
Built from '2020.3/staging' branch; Version is '2020.3.6f1 (338bb68529b2) revision 3378102'; Using compiler version '192528614'; Build Type 'Release'
OS: 'Windows 10 Pro; OS build 19042.985; Version 2009; 64bit' Language: 'ko' Physical Memory: 8156 MB
BatchMode: 1, IsHumanControllingUs: 0, StartBugReporterOnCrash: 0, Is64bit: 1, IsPro: 0

 COMMAND LINE ARGUMENTS:
C:\Program Files\Unity\Hub\Editor\2020.3.6f1\Editor\Unity.exe
-adb2
-batchMode
-noUpm
-name
AssetImportWorker1
-projectPath
C:/Users/tjoeun704/Documents/Fps/FPSGame
-logFile
Logs/AssetImportWorker1.log
-srvPort
64273
Successfully changed project path to: C:/Users/tjoeun704/Documents/Fps/FPSGame
C:/Users/tjoeun704/Documents/Fps/FPSGame
Using Asset Import Pipeline V2.
Refreshing native plugins compatible for Editor in 47.00 ms, found 0 plugins.
Preloading 0 native plugins for Editor in 0.00 ms.
Initialize engine version: 2020.3.6f1 (338bb68529b2)
[Subsystems] Discovering subsystems at path C:/Program Files/Unity/Hub/Editor/2020.3.6f1/Editor/Data/Resources/UnitySubsystems
[Subsystems] Discovering subsystems at path C:/Users/tjoeun704/Documents/Fps/FPSGame/Assets
GfxDevice: creating device client; threaded=0
Direct3D:
    Version:  Direct3D 11.0 [level 11.1]
    Renderer: NVIDIA GeForce GTX 1050 (ID=0x1c81)
    Vendor:   
    VRAM:     1977 MB
    Driver:   27.21.14.5751
Shader 'WFX/Transparent Specular': fallback shader 'Particles/Alpha Blended' not found
Shader 'WFX/Transparent Diffuse': fallback shader 'Particles/Alpha Blended' not found
Initialize mono
Mono path[0] = 'C:/Program Files/Unity/Hub/Editor/2020.3.6f1/Editor/Data/Managed'
Mono path[1] = 'C:/Program Files/Unity/Hub/Editor/2020.3.6f1/Editor/Data/MonoBleedingEdge/lib/mono/unityjit'
Mono config path = 'C:/Program Files/Unity/Hub/Editor/2020.3.6f1/Editor/Data/MonoBleedingEdge/etc'
Using monoOptions --debugger-agent=transport=dt_socket,embedding=1,server=y,suspend=n,address=127.0.0.1:56836
Begin MonoManager ReloadAssembly
Registering precompiled unity dll's ...
Register platform support module: C:/Program Files/Unity/Hub/Editor/2020.3.6f1/Editor/Data/PlaybackEngines/WebGLSupport/UnityEditor.WebGL.Extensions.dll
Register platform support module: C:/Program Files/Unity/Hub/Editor/2020.3.6f1/Editor/Data/PlaybackEngines/WindowsStandaloneSupport/UnityEditor.WindowsStandalone.Extensions.dll
Registered in 0.002770 seconds.
Native extension for WindowsStandalone target not found
Native extension for WebGL target not found
Refreshing native plugins compatible for Editor in 43.09 ms, found 0 plugins.
Preloading 0 native plugins for Editor in 0.00 ms.
Mono: successfully reloaded assembly
- Completed reload, in  2.937 seconds
Platform modules already initialized, skipping
Registering precompiled user dll's ...
Registered in 0.001278 seconds.
Begin MonoManager ReloadAssembly
Native extension for WindowsStandalone target not found
Native extension for WebGL target not found
Refreshing native plugins compatible for Editor in 0.60 ms, found 0 plugins.
Preloading 0 native plugins for Editor in 0.00 ms.
Mono: successfully reloaded assembly
- Completed reload, in  0.999 seconds
Platform modules already initialized, skipping
========================================================================
Worker process is ready to serve import requests
Shader 'WFX/Transparent Diffuse': fallback shader 'Particles/Alpha Blended' not found
Shader 'WFX/Transparent Specular': fallback shader 'Particles/Alpha Blended' not found
Launched and connected shader compiler UnityShaderCompiler.exe after 0.09 seconds
Refreshing native plugins compatible for Editor in 0.42 ms, found 0 plugins.
Preloading 0 native plugins for Editor in 0.00 ms.
Unloading 1281 Unused Serialized files (Serialized files now loaded: 0)
System memory in use before: 72.0 MB.
System memory in use after: 72.1 MB.

Unloading 10 unused Assets to reduce memory usage. Loaded Objects now: 1733.
Total: 2.223200 ms (FindLiveObjects: 0.167600 ms CreateObjectMapping: 0.207000 ms MarkObjects: 1.698700 ms  DeleteObjects: 0.148700 ms)

========================================================================
Received Import Request.
  path: Assets/Scenes/Example_NaviMash.unity
  artifactKey: Guid(a64899358a370c244bebb7219f46ed58) Importer(815301076,1909f56bfc062723c751e8b465ee728b)
Start importing Assets/Scenes/Example_NaviMash.unity using Guid(a64899358a370c244bebb7219f46ed58) Importer(815301076,1909f56bfc062723c751e8b465ee728b)  -> (artifact id: 'd01bd152a41bbd396c34bbced2d52a03') in 0.428882 seconds
  Import took 0.432248 seconds .

========================================================================
Received Import Request.
  Time since last request: 12.807028 seconds.
  path: Assets/Scenes/01_Main.unity
  artifactKey: Guid(9fc0d4010bbf28b4594072e72b8655ab) Importer(815301076,1909f56bfc062723c751e8b465ee728b)
Start importing Assets/Scenes/01_Main.unity using Guid(9fc0d4010bbf28b4594072e72b8655ab) Importer(815301076,1909f56bfc062723c751e8b465ee728b)  -> (artifact id: '717e855b64805888f3b1f6bd53322eae') in 0.017917 seconds
  Import took 0.021922 seconds .

========================================================================
Received Import Request.
  Time since last request: 30.250940 seconds.
  path: Assets/PreFabs/Enemy.prefab
  artifactKey: Guid(6c1b6219ddd10324bae0aaf1e8f49b59) Importer(815301076,1909f56bfc062723c751e8b465ee728b)
Start importing Assets/PreFabs/Enemy.prefab using Guid(6c1b6219ddd10324bae0aaf1e8f49b59) Importer(815301076,1909f56bfc062723c751e8b465ee728b)  -> (artifact id: '7e48cc45b0c1bcc4922cc3ee0b1c1589') in 0.297769 seconds
  Import took 0.302916 seconds .

========================================================================
Received Import Request.
  Time since last request: 74.978962 seconds.
  path: Assets/Scenes/01_Main.unity
  artifactKey: Guid(9fc0d4010bbf28b4594072e72b8655ab) Importer(815301076,1909f56bfc062723c751e8b465ee728b)
Start importing Assets/Scenes/01_Main.unity using Guid(9fc0d4010bbf28b4594072e72b8655ab) Importer(815301076,1909f56bfc062723c751e8b465ee728b)  -> (artifact id: 'a8f749d0bfc27de1814bf98fd688a689') in 0.018826 seconds
  Import took 0.022688 seconds .

========================================================================
Received Prepare
Registering precompiled user dll's ...
Registered in 0.001057 seconds.
Begin MonoManager ReloadAssembly
Native extension for WindowsStandalone target not found
Native extension for WebGL target not found
Refreshing native plugins compatible for Editor in 0.44 ms, found 0 plugins.
Preloading 0 native plugins for Editor in 0.00 ms.
Mono: successfully reloaded assembly
- Completed reload, in  1.698 seconds
Platform modules already initialized, skipping
Shader 'WFX/Transparent Diffuse': fallback shader 'Particles/Alpha Blended' not found
Shader 'WFX/Transparent Specular': fallback shader 'Particles/Alpha Blended' not found
Refreshing native plugins compatible for Editor in 0.42 ms, found 0 plugins.
Preloading 0 native plugins for Editor in 0.00 ms.
Unloading 1235 Unused Serialized files (Serialized files now loaded: 0)
System memory in use before: 84.7 MB.
System memory in use after: 84.7 MB.

Unloading 5 unused Assets to reduce memory usage. Loaded Objects now: 1744.
Total: 2.089300 ms (FindLiveObjects: 0.175200 ms CreateObjectMapping: 0.052000 ms MarkObjects: 1.780100 ms  DeleteObjects: 0.080700 ms)

========================================================================
Received Prepare
Registering precompiled user dll's ...
Registered in 0.001096 seconds.
Begin MonoManager ReloadAssembly
Native extension for WindowsStandalone target not found
Native extension for WebGL target not found
Refreshing native plugins compatible for Editor in 0.39 ms, found 0 plugins.
Preloading 0 native plugins for Editor in 0.00 ms.
Mono: successfully reloaded assembly
- Completed reload, in  0.933 seconds
Platform modules already initialized, skipping
Shader 'WFX/Transparent Diffuse': fallback shader 'Particles/Alpha Blended' not found
Shader 'WFX/Transparent Specular': fallback shader 'Particles/Alpha Blended' not found
Refreshing native plugins compatible for Editor in 0.43 ms, found 0 plugins.
Preloading 0 native plugins for Editor in 0.00 ms.
Unloading 1235 Unused Serialized files (Serialized files now loaded: 0)
System memory in use before: 84.7 MB.
System memory in use after: 84.8 MB.

Unloading 5 unused Assets to reduce memory usage. Loaded Objects now: 1747.
Total: 1.746800 ms (FindLiveObjects: 0.160500 ms CreateObjectMapping: 0.045900 ms MarkObjects: 1.464600 ms  DeleteObjects: 0.074200 ms)

========================================================================
Received Import Request.
  Time since last request: 207.241403 seconds.
  path: Assets/Scenes/01_Main.unity
  artifactKey: Guid(9fc0d4010bbf28b4594072e72b8655ab) Importer(815301076,1909f56bfc062723c751e8b465ee728b)
Start importing Assets/Scenes/01_Main.unity using Guid(9fc0d4010bbf28b4594072e72b8655ab) Importer(815301076,1909f56bfc062723c751e8b465ee728b)  -> (artifact id: 'd8ad4548356683124eca8904e99ba7bd') in 0.029197 seconds
  Import took 0.032777 seconds .

========================================================================
Received Prepare
Registering precompiled user dll's ...
Registered in 0.001030 seconds.
Begin MonoManager ReloadAssembly
Native extension for WindowsStandalone target not found
Native extension for WebGL target not found
Refreshing native plugins compatible for Editor in 0.79 ms, found 0 plugins.
Preloading 0 native plugins for Editor in 0.00 ms.
Mono: successfully reloaded assembly
- Completed reload, in  0.943 seconds
Platform modules already initialized, skipping
Shader 'WFX/Transparent Diffuse': fallback shader 'Particles/Alpha Blended' not found
Shader 'WFX/Transparent Specular': fallback shader 'Particles/Alpha Blended' not found
Refreshing native plugins compatible for Editor in 0.41 ms, found 0 plugins.
Preloading 0 native plugins for Editor in 0.00 ms.
Unloading 1235 Unused Serialized files (Serialized files now loaded: 0)
System memory in use before: 84.7 MB.
System memory in use after: 84.8 MB.

Unloading 5 unused Assets to reduce memory usage. Loaded Objects now: 1750.
Total: 1.758800 ms (FindLiveObjects: 0.170700 ms CreateObjectMapping: 0.045900 ms MarkObjects: 1.462900 ms  DeleteObjects: 0.077800 ms)

========================================================================
Received Import Request.
  Time since last request: 251.638261 seconds.
  path: Assets/Scenes/01_Main.unity
  artifactKey: Guid(9fc0d4010bbf28b4594072e72b8655ab) Importer(815301076,1909f56bfc062723c751e8b465ee728b)
Start importing Assets/Scenes/01_Main.unity using Guid(9fc0d4010bbf28b4594072e72b8655ab) Importer(815301076,1909f56bfc062723c751e8b465ee728b)  -> (artifact id: '494e6a4e839a32d2f83de61b5e9f3128') in 0.028400 seconds
  Import took 0.033536 seconds .

========================================================================
Received Import Request.
  Time since last request: 9.559218 seconds.
  path: Assets/PreFabs/Bullet.prefab
  artifactKey: Guid(7853742fab14bc44b9504ecc1b930d54) Importer(815301076,1909f56bfc062723c751e8b465ee728b)
Start importing Assets/PreFabs/Bullet.prefab using Guid(7853742fab14bc44b9504ecc1b930d54) Importer(815301076,1909f56bfc062723c751e8b465ee728b)  -> (artifact id: '4758ef3be181906f4b44fd6e8e50de2d') in 0.108968 seconds
  Import took 0.116173 seconds .

========================================================================
Received Prepare
Registering precompiled user dll's ...
Registered in 0.002342 seconds.
Begin MonoManager ReloadAssembly
Native extension for WindowsStandalone target not found
Native extension for WebGL target not found
Refreshing native plugins compatible for Editor in 0.47 ms, found 0 plugins.
Preloading 0 native plugins for Editor in 0.00 ms.
Mono: successfully reloaded assembly
- Completed reload, in  1.099 seconds
Platform modules already initialized, skipping
Shader 'WFX/Transparent Diffuse': fallback shader 'Particles/Alpha Blended' not found
Shader 'WFX/Transparent Specular': fallback shader 'Particles/Alpha Blended' not found
Refreshing native plugins compatible for Editor in 0.42 ms, found 0 plugins.
Preloading 0 native plugins for Editor in 0.00 ms.
Unloading 1235 Unused Serialized files (Serialized files now loaded: 0)
System memory in use before: 84.8 MB.
System memory in use after: 84.9 MB.

Unloading 5 unused Assets to reduce memory usage. Loaded Objects now: 1755.
Total: 1.909600 ms (FindLiveObjects: 0.151000 ms CreateObjectMapping: 0.049300 ms MarkObjects: 1.572900 ms  DeleteObjects: 0.135700 ms)

========================================================================
Received Import Request.
  Time since last request: 4.630742 seconds.
  path: Assets/PreFabs/Enemy.prefab
  artifactKey: Guid(6c1b6219ddd10324bae0aaf1e8f49b59) Importer(815301076,1909f56bfc062723c751e8b465ee728b)
Start importing Assets/PreFabs/Enemy.prefab using Guid(6c1b6219ddd10324bae0aaf1e8f49b59) Importer(815301076,1909f56bfc062723c751e8b465ee728b)  -> (artifact id: '00a31ad302d4ba5f47ebb529579ebd79') in 0.074646 seconds
  Import took 0.078004 seconds .

========================================================================
Received Import Request.
  Time since last request: 0.263616 seconds.
  path: Assets/PreFabs/Enemy.prefab
  artifactKey: Guid(6c1b6219ddd10324bae0aaf1e8f49b59) Importer(815301076,1909f56bfc062723c751e8b465ee728b)
Start importing Assets/PreFabs/Enemy.prefab using Guid(6c1b6219ddd10324bae0aaf1e8f49b59) Importer(815301076,1909f56bfc062723c751e8b465ee728b)  -> (artifact id: 'f96989c41d5bfa6ca0961dcb964421d1') in 0.033165 seconds
  Import took 0.039082 seconds .

========================================================================
Received Import Request.
  Time since last request: 2.752820 seconds.
  path: Assets/PreFabs/Enemy.prefab
  artifactKey: Guid(6c1b6219ddd10324bae0aaf1e8f49b59) Importer(815301076,1909f56bfc062723c751e8b465ee728b)
Start importing Assets/PreFabs/Enemy.prefab using Guid(6c1b6219ddd10324bae0aaf1e8f49b59) Importer(815301076,1909f56bfc062723c751e8b465ee728b)  -> (artifact id: '5d350e02ecb27dbc156ca0337e653f48') in 0.039482 seconds
  Import took 0.044215 seconds .

========================================================================
Received Import Request.
  Time since last request: 10.189980 seconds.
  path: Assets/Script/TestAgent.cs
  artifactKey: Guid(bd99d1870ffeefb46b08b13ed7bf9265) Importer(815301076,1909f56bfc062723c751e8b465ee728b)
Start importing Assets/Script/TestAgent.cs using Guid(bd99d1870ffeefb46b08b13ed7bf9265) Importer(815301076,1909f56bfc062723c751e8b465ee728b)  -> (artifact id: '7de6cb2ed4791786f1764d89ea5a4aca') in 0.038696 seconds
  Import took 0.041666 seconds .

========================================================================
Received Prepare
Registering precompiled user dll's ...
Registered in 0.004110 seconds.
Begin MonoManager ReloadAssembly
Native extension for WindowsStandalone target not found
Native extension for WebGL target not found
Refreshing native plugins compatible for Editor in 0.46 ms, found 0 plugins.
Preloading 0 native plugins for Editor in 0.00 ms.
Mono: successfully reloaded assembly
- Completed reload, in  1.835 seconds
Platform modules already initialized, skipping
Shader 'WFX/Transparent Diffuse': fallback shader 'Particles/Alpha Blended' not found
Shader 'WFX/Transparent Specular': fallback shader 'Particles/Alpha Blended' not found
Refreshing native plugins compatible for Editor in 0.67 ms, found 0 plugins.
Preloading 0 native plugins for Editor in 0.00 ms.
Unloading 1235 Unused Serialized files (Serialized files now loaded: 0)
System memory in use before: 84.8 MB.
System memory in use after: 84.9 MB.

Unloading 5 unused Assets to reduce memory usage. Loaded Objects now: 1759.
Total: 1.940900 ms (FindLiveObjects: 0.156100 ms CreateObjectMapping: 0.051500 ms MarkObjects: 1.644100 ms  DeleteObjects: 0.086900 ms)

========================================================================
Received Prepare
Registering precompiled user dll's ...
Registered in 0.001374 seconds.
Begin MonoManager ReloadAssembly
Native extension for WindowsStandalone target not found
Native extension for WebGL target not found
Refreshing native plugins compatible for Editor in 0.42 ms, found 0 plugins.
Preloading 0 native plugins for Editor in 0.00 ms.
Mono: successfully reloaded assembly
- Completed reload, in  1.033 seconds
Platform modules already initialized, skipping
Shader 'WFX/Transparent Diffuse': fallback shader 'Particles/Alpha Blended' not found
Shader 'WFX/Transparent Specular': fallback shader 'Particles/Alpha Blended' not found
Refreshing native plugins compatible for Editor in 0.41 ms, found 0 plugins.
Preloading 0 native plugins for Editor in 0.00 ms.
Unloading 1235 Unused Serialized files (Serialized files now loaded: 0)
System memory in use before: 84.8 MB.
System memory in use after: 84.9 MB.

Unloading 5 unused Assets to reduce memory usage. Loaded Objects now: 1762.
Total: 1.827600 ms (FindLiveObjects: 0.185600 ms CreateObjectMapping: 0.048200 ms MarkObjects: 1.496100 ms  DeleteObjects: 0.096400 ms)

========================================================================
Received Import Request.
  Time since last request: 25.504003 seconds.
  path: Assets/Script/TestAgent.cs
  artifactKey: Guid(bd99d1870ffeefb46b08b13ed7bf9265) Importer(815301076,1909f56bfc062723c751e8b465ee728b)
Start importing Assets/Script/TestAgent.cs using Guid(bd99d1870ffeefb46b08b13ed7bf9265) Importer(815301076,1909f56bfc062723c751e8b465ee728b)  -> (artifact id: '7609a8eb82441a03b613e94976e7a650') in 0.009063 seconds
  Import took 0.011607 seconds .

========================================================================
Received Import Request.
  Time since last request: 4.652862 seconds.
  path: Assets/Script/AudioManager.cs
  artifactKey: Guid(711ece9d253e2774fa7db2889b275c09) Importer(815301076,1909f56bfc062723c751e8b465ee728b)
Start importing Assets/Script/AudioManager.cs using Guid(711ece9d253e2774fa7db2889b275c09) Importer(815301076,1909f56bfc062723c751e8b465ee728b)  -> (artifact id: 'd3bc51b39d402b3332b292b0d70e65c9') in 0.009358 seconds
  Import took 0.013242 seconds .

========================================================================
Received Import Request.
  Time since last request: 0.431870 seconds.
  path: Assets/Script/Bullet.cs
  artifactKey: Guid(c01d5aa5ad7c4be42bb0109dc678b5c5) Importer(815301076,1909f56bfc062723c751e8b465ee728b)
Start importing Assets/Script/Bullet.cs using Guid(c01d5aa5ad7c4be42bb0109dc678b5c5) Importer(815301076,1909f56bfc062723c751e8b465ee728b)  -> (artifact id: 'a21bc7c741381449f6b9554e143db683') in 0.004063 seconds
  Import took 0.022789 seconds .

========================================================================
Received Import Request.
  Time since last request: 1.947897 seconds.
  path: Assets/Script/EnemyScript.cs
  artifactKey: Guid(517a8ba213fc44f4a8c5469291584b9b) Importer(815301076,1909f56bfc062723c751e8b465ee728b)
Start importing Assets/Script/EnemyScript.cs using Guid(517a8ba213fc44f4a8c5469291584b9b) Importer(815301076,1909f56bfc062723c751e8b465ee728b)  -> (artifact id: 'b781c50f046b0625d14e424100a437f4') in 0.009150 seconds
  Import took 0.011884 seconds .

========================================================================
Received Prepare
Registering precompiled user dll's ...
Registered in 0.001025 seconds.
Begin MonoManager ReloadAssembly
Native extension for WindowsStandalone target not found
Native extension for WebGL target not found
Refreshing native plugins compatible for Editor in 0.40 ms, found 0 plugins.
Preloading 0 native plugins for Editor in 0.00 ms.
Mono: successfully reloaded assembly
- Completed reload, in  0.924 seconds
Platform modules already initialized, skipping
Shader 'WFX/Transparent Diffuse': fallback shader 'Particles/Alpha Blended' not found
Shader 'WFX/Transparent Specular': fallback shader 'Particles/Alpha Blended' not found
Refreshing native plugins compatible for Editor in 0.43 ms, found 0 plugins.
Preloading 0 native plugins for Editor in 0.00 ms.
Unloading 1235 Unused Serialized files (Serialized files now loaded: 0)
System memory in use before: 84.8 MB.
System memory in use after: 84.9 MB.

Unloading 5 unused Assets to reduce memory usage. Loaded Objects now: 1765.
Total: 1.874400 ms (FindLiveObjects: 0.162800 ms CreateObjectMapping: 0.051800 ms MarkObjects: 1.574900 ms  DeleteObjects: 0.083400 ms)

========================================================================
Received Prepare
Registering precompiled user dll's ...
Registered in 0.001013 seconds.
Begin MonoManager ReloadAssembly
Native extension for WindowsStandalone target not found
Native extension for WebGL target not found
Refreshing native plugins compatible for Editor in 0.40 ms, found 0 plugins.
Preloading 0 native plugins for Editor in 0.00 ms.
Mono: successfully reloaded assembly
- Completed reload, in  0.915 seconds
Platform modules already initialized, skipping
Shader 'WFX/Transparent Diffuse': fallback shader 'Particles/Alpha Blended' not found
Shader 'WFX/Transparent Specular': fallback shader 'Particles/Alpha Blended' not found
Refreshing native plugins compatible for Editor in 0.44 ms, found 0 plugins.
Preloading 0 native plugins for Editor in 0.00 ms.
Unloading 1235 Unused Serialized files (Serialized files now loaded: 0)
System memory in use before: 84.8 MB.
System memory in use after: 84.9 MB.

Unloading 5 unused Assets to reduce memory usage. Loaded Objects now: 1768.
Total: 2.064500 ms (FindLiveObjects: 0.158500 ms CreateObjectMapping: 0.055000 ms MarkObjects: 1.763400 ms  DeleteObjects: 0.085900 ms)

========================================================================
Received Prepare
Registering precompiled user dll's ...
Registered in 0.001031 seconds.
Begin MonoManager ReloadAssembly
Native extension for WindowsStandalone target not found
Native extension for WebGL target not found
Refreshing native plugins compatible for Editor in 0.43 ms, found 0 plugins.
Preloading 0 native plugins for Editor in 0.00 ms.
Mono: successfully reloaded assembly
- Completed reload, in  0.910 seconds
Platform modules already initialized, skipping
Shader 'WFX/Transparent Diffuse': fallback shader 'Particles/Alpha Blended' not found
Shader 'WFX/Transparent Specular': fallback shader 'Particles/Alpha Blended' not found
Refreshing native plugins compatible for Editor in 0.42 ms, found 0 plugins.
Preloading 0 native plugins for Editor in 0.00 ms.
Unloading 1235 Unused Serialized files (Serialized files now loaded: 0)
System memory in use before: 84.8 MB.
System memory in use after: 84.9 MB.

Unloading 5 unused Assets to reduce memory usage. Loaded Objects now: 1771.
Total: 2.030800 ms (FindLiveObjects: 0.181700 ms CreateObjectMapping: 0.092200 ms MarkObjects: 1.658500 ms  DeleteObjects: 0.096800 ms)

========================================================================
Received Import Request.
  Time since last request: 416.942770 seconds.
  path: Assets/PreFabs/Enemy.prefab
  artifactKey: Guid(6c1b6219ddd10324bae0aaf1e8f49b59) Importer(815301076,1909f56bfc062723c751e8b465ee728b)
Start importing Assets/PreFabs/Enemy.prefab using Guid(6c1b6219ddd10324bae0aaf1e8f49b59) Importer(815301076,1909f56bfc062723c751e8b465ee728b)  -> (artifact id: '42e7afa0fdff675661f1492d0e1df437') in 0.076956 seconds
  Import took 0.080537 seconds .

========================================================================
Received Prepare
Registering precompiled user dll's ...
Registered in 0.001043 seconds.
Begin MonoManager ReloadAssembly
Native extension for WindowsStandalone target not found
Native extension for WebGL target not found
Refreshing native plugins compatible for Editor in 0.60 ms, found 0 plugins.
Preloading 0 native plugins for Editor in 0.00 ms.
Mono: successfully reloaded assembly
- Completed reload, in  1.179 seconds
Platform modules already initialized, skipping
Shader 'WFX/Transparent Diffuse': fallback shader 'Particles/Alpha Blended' not found
Shader 'WFX/Transparent Specular': fallback shader 'Particles/Alpha Blended' not found
Refreshing native plugins compatible for Editor in 0.49 ms, found 0 plugins.
Preloading 0 native plugins for Editor in 0.00 ms.
Unloading 1235 Unused Serialized files (Serialized files now loaded: 0)
System memory in use before: 84.9 MB.
System memory in use after: 84.9 MB.

Unloading 5 unused Assets to reduce memory usage. Loaded Objects now: 1775.
Total: 1.898700 ms (FindLiveObjects: 0.170000 ms CreateObjectMapping: 0.061800 ms MarkObjects: 1.585100 ms  DeleteObjects: 0.080400 ms)

========================================================================
Received Prepare
Registering precompiled user dll's ...
Registered in 0.001032 seconds.
Begin MonoManager ReloadAssembly
Native extension for WindowsStandalone target not found
Native extension for WebGL target not found
Refreshing native plugins compatible for Editor in 0.41 ms, found 0 plugins.
Preloading 0 native plugins for Editor in 0.00 ms.
Mono: successfully reloaded assembly
- Completed reload, in  1.047 seconds
Platform modules already initialized, skipping
Shader 'WFX/Transparent Diffuse': fallback shader 'Particles/Alpha Blended' not found
Shader 'WFX/Transparent Specular': fallback shader 'Particles/Alpha Blended' not found
Refreshing native plugins compatible for Editor in 0.42 ms, found 0 plugins.
Preloading 0 native plugins for Editor in 0.00 ms.
Unloading 1235 Unused Serialized files (Serialized files now loaded: 0)
System memory in use before: 84.9 MB.
System memory in use after: 84.9 MB.

Unloading 5 unused Assets to reduce memory usage. Loaded Objects now: 1778.
Total: 1.827100 ms (FindLiveObjects: 0.175100 ms CreateObjectMapping: 0.046500 ms MarkObjects: 1.500200 ms  DeleteObjects: 0.103400 ms)

========================================================================
Received Prepare
Registering precompiled user dll's ...
Registered in 0.001006 seconds.
Begin MonoManager ReloadAssembly
Native extension for WindowsStandalone target not found
Native extension for WebGL target not found
Refreshing native plugins compatible for Editor in 0.43 ms, found 0 plugins.
Preloading 0 native plugins for Editor in 0.00 ms.
Mono: successfully reloaded assembly
- Completed reload, in  0.938 seconds
Platform modules already initialized, skipping
Shader 'WFX/Transparent Diffuse': fallback shader 'Particles/Alpha Blended' not found
Shader 'WFX/Transparent Specular': fallback shader 'Particles/Alpha Blended' not found
Refreshing native plugins compatible for Editor in 0.42 ms, found 0 plugins.
Preloading 0 native plugins for Editor in 0.00 ms.
Unloading 1235 Unused Serialized files (Serialized files now loaded: 0)
System memory in use before: 84.9 MB.
System memory in use after: 84.9 MB.

Unloading 5 unused Assets to reduce memory usage. Loaded Objects now: 1781.
Total: 2.197200 ms (FindLiveObjects: 0.244000 ms CreateObjectMapping: 0.053200 ms MarkObjects: 1.821900 ms  DeleteObjects: 0.076800 ms)

AssetImportWorkerClient::OnTransportError - code=2 error=End of file
